<?xml version="1.0" encoding="UTF-8"?>
<testsuite name="ParserTest" tests="6" skipped="0" failures="0" errors="0" timestamp="2020-04-21T13:34:42" hostname="TP13-01" time="0.078">
  <properties/>
  <testcase name="dict with empty list()" classname="ParserTest" time="0.03"/>
  <testcase name="empty dict()" classname="ParserTest" time="0.002"/>
  <testcase name="dict with int()" classname="ParserTest" time="0.008"/>
  <testcase name="dict with list()" classname="ParserTest" time="0.009"/>
  <testcase name="full check simple strings dict()" classname="ParserTest" time="0.004"/>
  <testcase name="dict of dicts()" classname="ParserTest" time="0.004"/>
  <system-out><![CDATA[]]></system-out>
  <system-err><![CDATA[]]></system-err>
</testsuite>
