<?xml version="1.0" encoding="UTF-8"?>
<testsuite name="ParserTest" tests="1" skipped="0" failures="0" errors="0" timestamp="2020-04-25T13:51:48" hostname="TP13-01" time="0.026">
  <properties/>
  <testcase name="dict with empty list()" classname="ParserTest" time="0.026"/>
  <system-out><![CDATA[]]></system-out>
  <system-err><![CDATA[]]></system-err>
</testsuite>
