<?xml version="1.0" encoding="UTF-8"?>
<testsuite name="ParserTest" tests="1" skipped="0" failures="0" errors="0" timestamp="2020-04-21T11:29:56" hostname="TP13-01" time="0.042">
  <properties/>
  <testcase name="full check simple strings dict()" classname="ParserTest" time="0.042"/>
  <system-out><![CDATA[]]></system-out>
  <system-err><![CDATA[]]></system-err>
</testsuite>
