<?xml version="1.0" encoding="UTF-8"?>
<testsuite name="il.ac.technion.cs.softwaredesign.CourseTorrentTest" tests="1" skipped="0" failures="0" errors="0" timestamp="2020-04-25T10:58:28" hostname="TP13-01" time="0.674">
  <properties/>
  <testcase name="after load, infohash calculated correctly()" classname="il.ac.technion.cs.softwaredesign.CourseTorrentTest" time="0.674"/>
  <system-out><![CDATA[]]></system-out>
  <system-err><![CDATA[]]></system-err>
</testsuite>
